#
# A fatal error has been detected by the Java Runtime Environment:
#
#  SIGBUS (0x7) at pc=0x00007f48a19e509f, pid=26121, tid=139950501119744
#
# JRE version: 6.0_24-b24
# Java VM: OpenJDK 64-Bit Server VM (20.0-b12 mixed mode linux-amd64 compressed oops)
# Derivative: IcedTea6 1.11.5
# Distribution: Ubuntu 12.04 LTS, package 6b24-1.11.5-0ubuntu1~12.04.1
# Problematic frame:
# C  [libgvfsdbus.so+0x1c09f]  g_vfs_uri_mapper_afp_register+0x12cf
#
# If you would like to submit a bug report, please include
# instructions how to reproduce the bug and visit:
#   https://bugs.launchpad.net/ubuntu/+source/openjdk-6/
# The crash happened outside the Java Virtual Machine in native code.
# See problematic frame for where to report the bug.
#

---------------  T H R E A D  ---------------

Current thread (0x00007f48bc006000):  JavaThread "main" [_thread_in_native, id=26122, stack(0x00007f48c3d7c000,0x00007f48c3e7d000)]

siginfo:si_signo=SIGBUS: si_errno=0, si_code=2 (BUS_ADRERR), si_addr=0x00007f48a07d1008

Registers:
RAX=0x00007f48a07d1000, RBX=0x00007f48bc8349e0, RCX=0x0000000000000006, RDX=0x0000000000000000
RSP=0x00007f48c3e77860, RBP=0x0000000000000000, RSI=0x0000000000000001, RDI=0x00007f48bc8349e0
R8 =0x00007f48bc834110, R9 =0x000000000000660a, R10=0x0000000000000000, R11=0x6168732f7273752f
R12=0x00007f48bc8349e0, R13=0x00007f48a19ea94f, R14=0x00007f48c3e77a78, R15=0x00007f48bd0331a0
RIP=0x00007f48a19e509f, EFLAGS=0x0000000000010206, CSGSFS=0x0000000000000033, ERR=0x0000000000000004
  TRAPNO=0x000000000000000e

Top of Stack: (sp=0x00007f48c3e77860)
0x00007f48c3e77860:   00007f48a1bf1de0 00007f48bc000020
0x00007f48c3e77870:   0000000000000010 0000000000000001
0x00007f48c3e77880:   0000000000000010 0000000000000000
0x00007f48c3e77890:   00007f48bd0331a0 00007f48bc000020
0x00007f48c3e778a0:   0000000000000016 00007f48b80b4799
0x00007f48c3e778b0:   00007f48a19ea94f 00007f48b80b3ebf
0x00007f48c3e778c0:   0000000000000006 00007f4800000000
0x00007f48c3e778d0:   00007f48bc8349e0 0000000000000000
0x00007f48c3e778e0:   00007f48bc8349e0 00007f48b80ff779
0x00007f48c3e778f0:   00007f48bc8349e0 00007f48a19e6188
0x00007f48c3e77900:   00007f48a19ea94f 00007f48a19e62ec
0x00007f48c3e77910:   00007f48bd0331a0 00007f48bd218c10
0x00007f48c3e77920:   00007f48bd0331a0 00007f48bd1c95d0
0x00007f48c3e77930:   00007f48a19ea94f 00007f48a19e7470
0x00007f48c3e77940:   00007f48bd15e2c0 00007f48bd0c26e5
0x00007f48c3e77950:   00007f48bd0c26e6 00007f48bd1d5360
0x00007f48c3e77960:   00007f48bd0c2200 0000008400000000
0x00007f48c3e77970:   00007f48bcf1ece0 00007f48c3e77a78
0x00007f48c3e77980:   0000000000000801 0000000000000002
0x00007f48c3e77990:   000000000000001b 00000000000041ed
0x00007f48c3e779a0:   0000000000000000 0000000000000000
0x00007f48c3e779b0:   0000000000001000 0000000000001000
0x00007f48c3e779c0:   0000000000000008 00000000510f24ca
0x00007f48c3e779d0:   0000000000000000 00000000510b2f1a
0x00007f48c3e779e0:   0000000000000000 00000000510b2f1a
0x00007f48c3e779f0:   0000000000000000 0000000000000000
0x00007f48c3e77a00:   0000000000000000 0000000000000000
0x00007f48c3e77a10:   00007f48bd1c7fd0 00007f48bd0351e0
0x00007f48c3e77a20:   0001000700000084 0000000000000801
0x00007f48c3e77a30:   00007f48bcf1e830 00007f48bd0351e0
0x00007f48c3e77a40:   00007f48bd034960 0000000000000801
0x00007f48c3e77a50:   00007f48bcf1e830 00007f48c3e77c98 

Instructions: (pc=0x00007f48a19e509f)
0x00007f48a19e507f:   00 53 b8 01 00 00 00 48 89 fb 48 81 ec 90 00 00
0x00007f48a19e508f:   00 83 7f 18 ff 74 3c 48 8b 47 48 48 85 c0 74 0b
0x00007f48a19e509f:   8b 50 08 31 c0 0f ca 85 d2 74 28 48 8b 73 08 48
0x00007f48a19e50af:   89 e2 bf 01 00 00 00 e8 55 c4 fe ff 89 c2 31 c0 

Register to memory mapping:

RAX=0x00007f48a07d1000 is an unknown value
RBX=0x00007f48bc8349e0 is an unknown value
RCX=0x0000000000000006 is an unknown value
RDX=0x0000000000000000 is an unknown value
RSP=0x00007f48c3e77860 is pointing into the stack for thread: 0x00007f48bc006000
RBP=0x0000000000000000 is an unknown value
RSI=0x0000000000000001 is an unknown value
RDI=0x00007f48bc8349e0 is an unknown value
R8 =0x00007f48bc834110 is an unknown value
R9 =0x000000000000660a is an unknown value
R10=0x0000000000000000 is an unknown value
R11=0x6168732f7273752f is an unknown value
R12=0x00007f48bc8349e0 is an unknown value
R13=0x00007f48a19ea94f: <offset 0x2194f> in /usr/lib/x86_64-linux-gnu/gio/modules/libgvfsdbus.so at 0x00007f48a19c9000
R14=0x00007f48c3e77a78 is pointing into the stack for thread: 0x00007f48bc006000
R15=0x00007f48bd0331a0 is an unknown value


Stack: [0x00007f48c3d7c000,0x00007f48c3e7d000],  sp=0x00007f48c3e77860,  free space=1006k
Native frames: (J=compiled Java code, j=interpreted, Vv=VM code, C=native code)
C  [libgvfsdbus.so+0x1c09f]  g_vfs_uri_mapper_afp_register+0x12cf
